2025-06-23 15:53:07 - WARNING - METRIC: CPU - VALUE: 70.38 % - THRESHOLD: 70.00 % - MESSAGE: Too much user-space processing
2025-06-23 15:53:08 - WARNING - METRIC: CPU - VALUE: 99.01 % - THRESHOLD: 85.00 % - MESSAGE: High usage on Core 1
2025-06-23 15:53:08 - WARNING - METRIC: CPU - VALUE: 98.02 % - THRESHOLD: 70.00 % - MESSAGE: High usr on Core 1
2025-06-23 15:53:08 - WARNING - METRIC: CPU - VALUE: 0.99 % - THRESHOLD: 20.00 % - MESSAGE: Low idle on Core 1
2025-06-23 15:53:08 - WARNING - METRIC: CPU - VALUE: 100.00 % - THRESHOLD: 85.00 % - MESSAGE: High usage on Core 2
2025-06-23 15:53:08 - WARNING - METRIC: CPU - VALUE: 100.00 % - THRESHOLD: 70.00 % - MESSAGE: High usr on Core 2
2025-06-23 15:53:09 - WARNING - METRIC: CPU - VALUE: 0.00 % - THRESHOLD: 20.00 % - MESSAGE: Low idle on Core 2
2025-06-23 15:53:11 - WARNING - METRIC: CPU - VALUE: 100.00 % - THRESHOLD: 85.00 % - MESSAGE: CPU usage is high; may be overloaded
2025-06-23 15:53:11 - WARNING - METRIC: CPU - VALUE: 99.75 % - THRESHOLD: 70.00 % - MESSAGE: Too much user-space processing
2025-06-23 15:53:11 - WARNING - METRIC: CPU - VALUE: 0.00 % - THRESHOLD: 20.00 % - MESSAGE: Low idle means CPU is heavily loaded
2025-06-23 15:53:12 - WARNING - METRIC: CPU - VALUE: 83.67 % - THRESHOLD: 70.00 % - MESSAGE: High usr on Core 0
2025-06-23 15:53:12 - WARNING - METRIC: CPU - VALUE: 15.31 % - THRESHOLD: 20.00 % - MESSAGE: Low idle on Core 0
2025-06-23 15:53:12 - WARNING - METRIC: CPU - VALUE: 99.01 % - THRESHOLD: 85.00 % - MESSAGE: High usage on Core 2
2025-06-23 15:53:12 - WARNING - METRIC: CPU - VALUE: 97.03 % - THRESHOLD: 70.00 % - MESSAGE: High usr on Core 2
2025-06-23 15:53:13 - WARNING - METRIC: CPU - VALUE: 0.99 % - THRESHOLD: 20.00 % - MESSAGE: Low idle on Core 2
2025-06-23 15:53:15 - WARNING - METRIC: CPU - VALUE: 100.00 % - THRESHOLD: 85.00 % - MESSAGE: CPU usage is high; may be overloaded
2025-06-23 15:53:15 - WARNING - METRIC: CPU - VALUE: 98.51 % - THRESHOLD: 70.00 % - MESSAGE: Too much user-space processing
2025-06-23 15:53:15 - WARNING - METRIC: CPU - VALUE: 0.00 % - THRESHOLD: 20.00 % - MESSAGE: Low idle means CPU is heavily loaded
2025-06-23 15:53:16 - WARNING - METRIC: CPU - VALUE: 100.00 % - THRESHOLD: 85.00 % - MESSAGE: High usage on Core 0
2025-06-23 15:53:16 - WARNING - METRIC: CPU - VALUE: 97.00 % - THRESHOLD: 70.00 % - MESSAGE: High usr on Core 0
2025-06-23 15:53:16 - WARNING - METRIC: CPU - VALUE: 0.00 % - THRESHOLD: 20.00 % - MESSAGE: Low idle on Core 0
2025-06-23 15:53:16 - WARNING - METRIC: CPU - VALUE: 100.00 % - THRESHOLD: 85.00 % - MESSAGE: High usage on Core 1
2025-06-23 15:53:16 - WARNING - METRIC: CPU - VALUE: 88.89 % - THRESHOLD: 70.00 % - MESSAGE: High usr on Core 1
2025-06-23 15:53:17 - WARNING - METRIC: CPU - VALUE: 0.00 % - THRESHOLD: 20.00 % - MESSAGE: Low idle on Core 1
2025-06-23 15:53:17 - WARNING - METRIC: CPU - VALUE: 100.00 % - THRESHOLD: 85.00 % - MESSAGE: High usage on Core 2
2025-06-23 15:53:17 - WARNING - METRIC: CPU - VALUE: 92.86 % - THRESHOLD: 70.00 % - MESSAGE: High usr on Core 2
2025-06-23 15:53:17 - WARNING - METRIC: CPU - VALUE: 0.00 % - THRESHOLD: 20.00 % - MESSAGE: Low idle on Core 2
2025-06-23 15:53:17 - WARNING - METRIC: CPU - VALUE: 100.00 % - THRESHOLD: 85.00 % - MESSAGE: High usage on Core 3
2025-06-23 15:53:17 - WARNING - METRIC: CPU - VALUE: 95.00 % - THRESHOLD: 70.00 % - MESSAGE: High usr on Core 3
2025-06-23 15:53:17 - WARNING - METRIC: CPU - VALUE: 0.00 % - THRESHOLD: 20.00 % - MESSAGE: Low idle on Core 3
2025-06-23 15:53:19 - WARNING - METRIC: CPU - VALUE: 73.05 % - THRESHOLD: 70.00 % - MESSAGE: Too much user-space processing
2025-06-23 15:53:20 - WARNING - METRIC: CPU - VALUE: 99.00 % - THRESHOLD: 85.00 % - MESSAGE: High usage on Core 0
2025-06-23 15:53:20 - WARNING - METRIC: CPU - VALUE: 98.00 % - THRESHOLD: 70.00 % - MESSAGE: High usr on Core 0
2025-06-23 15:53:20 - WARNING - METRIC: CPU - VALUE: 1.00 % - THRESHOLD: 20.00 % - MESSAGE: Low idle on Core 0
2025-06-23 15:53:21 - WARNING - METRIC: CPU - VALUE: 95.05 % - THRESHOLD: 85.00 % - MESSAGE: High usage on Core 2
2025-06-23 15:53:21 - WARNING - METRIC: CPU - VALUE: 93.07 % - THRESHOLD: 70.00 % - MESSAGE: High usr on Core 2
2025-06-23 15:53:21 - WARNING - METRIC: CPU - VALUE: 4.95 % - THRESHOLD: 20.00 % - MESSAGE: Low idle on Core 2
2025-06-23 15:53:23 - WARNING - METRIC: CPU - VALUE: 100.00 % - THRESHOLD: 85.00 % - MESSAGE: CPU usage is high; may be overloaded
2025-06-23 15:53:23 - WARNING - METRIC: CPU - VALUE: 99.00 % - THRESHOLD: 70.00 % - MESSAGE: Too much user-space processing
2025-06-23 15:53:24 - WARNING - METRIC: CPU - VALUE: 0.00 % - THRESHOLD: 20.00 % - MESSAGE: Low idle means CPU is heavily loaded
2025-06-23 15:53:25 - WARNING - METRIC: CPU - VALUE: 97.98 % - THRESHOLD: 85.00 % - MESSAGE: High usage on Core 0
2025-06-23 15:53:25 - WARNING - METRIC: CPU - VALUE: 96.97 % - THRESHOLD: 70.00 % - MESSAGE: High usr on Core 0
2025-06-23 15:53:25 - WARNING - METRIC: CPU - VALUE: 2.02 % - THRESHOLD: 20.00 % - MESSAGE: Low idle on Core 0
2025-06-23 15:53:25 - WARNING - METRIC: CPU - VALUE: 75.25 % - THRESHOLD: 70.00 % - MESSAGE: High usr on Core 2
2025-06-23 15:53:25 - WARNING - METRIC: CPU - VALUE: 74.00 % - THRESHOLD: 70.00 % - MESSAGE: High usr on Core 3
2025-06-23 15:53:28 - WARNING - METRIC: CPU - VALUE: 76.83 % - THRESHOLD: 70.00 % - MESSAGE: Too much user-space processing
2025-06-23 15:53:28 - WARNING - METRIC: CPU - VALUE: 19.40 % - THRESHOLD: 20.00 % - MESSAGE: Low idle means CPU is heavily loaded
2025-06-23 15:53:29 - WARNING - METRIC: CPU - VALUE: 100.00 % - THRESHOLD: 85.00 % - MESSAGE: High usage on Core 2
2025-06-23 15:53:29 - WARNING - METRIC: CPU - VALUE: 100.00 % - THRESHOLD: 70.00 % - MESSAGE: High usr on Core 2
2025-06-23 15:53:29 - WARNING - METRIC: CPU - VALUE: 0.00 % - THRESHOLD: 20.00 % - MESSAGE: Low idle on Core 2
2025-06-23 15:53:29 - WARNING - METRIC: CPU - VALUE: 98.00 % - THRESHOLD: 85.00 % - MESSAGE: High usage on Core 3
2025-06-23 15:53:29 - WARNING - METRIC: CPU - VALUE: 97.00 % - THRESHOLD: 70.00 % - MESSAGE: High usr on Core 3
2025-06-23 15:53:29 - WARNING - METRIC: CPU - VALUE: 2.00 % - THRESHOLD: 20.00 % - MESSAGE: Low idle on Core 3
2025-06-23 15:53:32 - WARNING - METRIC: CPU - VALUE: 87.56 % - THRESHOLD: 85.00 % - MESSAGE: CPU usage is high; may be overloaded
2025-06-23 15:53:32 - WARNING - METRIC: CPU - VALUE: 86.32 % - THRESHOLD: 70.00 % - MESSAGE: Too much user-space processing
2025-06-23 15:53:32 - WARNING - METRIC: CPU - VALUE: 12.44 % - THRESHOLD: 20.00 % - MESSAGE: Low idle means CPU is heavily loaded
2025-06-23 15:53:33 - WARNING - METRIC: CPU - VALUE: 100.00 % - THRESHOLD: 85.00 % - MESSAGE: High usage on Core 0
2025-06-23 15:53:33 - WARNING - METRIC: CPU - VALUE: 99.00 % - THRESHOLD: 70.00 % - MESSAGE: High usr on Core 0
2025-06-23 15:53:33 - WARNING - METRIC: CPU - VALUE: 0.00 % - THRESHOLD: 20.00 % - MESSAGE: Low idle on Core 0
2025-06-23 15:53:33 - WARNING - METRIC: CPU - VALUE: 100.00 % - THRESHOLD: 85.00 % - MESSAGE: High usage on Core 1
2025-06-23 15:53:33 - WARNING - METRIC: CPU - VALUE: 98.02 % - THRESHOLD: 70.00 % - MESSAGE: High usr on Core 1
2025-06-23 15:53:33 - WARNING - METRIC: CPU - VALUE: 0.00 % - THRESHOLD: 20.00 % - MESSAGE: Low idle on Core 1
2025-06-23 15:53:33 - WARNING - METRIC: CPU - VALUE: 100.00 % - THRESHOLD: 85.00 % - MESSAGE: High usage on Core 2
2025-06-23 15:53:33 - WARNING - METRIC: CPU - VALUE: 99.00 % - THRESHOLD: 70.00 % - MESSAGE: High usr on Core 2
2025-06-23 15:53:34 - WARNING - METRIC: CPU - VALUE: 0.00 % - THRESHOLD: 20.00 % - MESSAGE: Low idle on Core 2
2025-06-23 15:53:34 - WARNING - METRIC: CPU - VALUE: 100.00 % - THRESHOLD: 85.00 % - MESSAGE: High usage on Core 3
2025-06-23 15:53:34 - WARNING - METRIC: CPU - VALUE: 99.00 % - THRESHOLD: 70.00 % - MESSAGE: High usr on Core 3
2025-06-23 15:53:34 - WARNING - METRIC: CPU - VALUE: 0.00 % - THRESHOLD: 20.00 % - MESSAGE: Low idle on Core 3
2025-06-23 15:54:37 - WARNING - METRIC: NETWORK - VALUE: 5573.77 KB/s - THRESHOLD: 1024.00 KB/s - MESSAGE: Suspicious download on the network: incoming traffic above threshold
2025-06-23 15:54:50 - WARNING - METRIC: NETWORK - VALUE: 4295.83 KB/s - THRESHOLD: 1024.00 KB/s - MESSAGE: Suspicious download on the network: incoming traffic above threshold
2025-06-23 15:54:55 - WARNING - METRIC: NETWORK - VALUE: 5188.27 KB/s - THRESHOLD: 1024.00 KB/s - MESSAGE: Suspicious download on the network: incoming traffic above threshold
2025-06-23 15:55:00 - WARNING - METRIC: NETWORK - VALUE: 4424.03 KB/s - THRESHOLD: 1024.00 KB/s - MESSAGE: Suspicious download on the network: incoming traffic above threshold
2025-06-23 15:55:05 - WARNING - METRIC: NETWORK - VALUE: 3968.42 KB/s - THRESHOLD: 1024.00 KB/s - MESSAGE: Suspicious download on the network: incoming traffic above threshold
2025-06-23 15:55:10 - WARNING - METRIC: NETWORK - VALUE: 5202.15 KB/s - THRESHOLD: 1024.00 KB/s - MESSAGE: Suspicious download on the network: incoming traffic above threshold
2025-06-23 15:55:15 - WARNING - METRIC: NETWORK - VALUE: 5739.55 KB/s - THRESHOLD: 1024.00 KB/s - MESSAGE: Suspicious download on the network: incoming traffic above threshold
2025-06-23 17:24:36 - WARNING - METRIC: SWAP - VALUE: 54.98 % - THRESHOLD: 50.00 % - MESSAGE: High swap usage; system may be swapping
2025-06-23 17:28:59 - WARNING - METRIC: RAM - VALUE: 288 MB - THRESHOLD: 300.00 MB - MESSAGE: Low free memory; consider closing apps
2025-06-23 17:29:00 - WARNING - METRIC: SWAP - VALUE: 54.98 % - THRESHOLD: 50.00 % - MESSAGE: High swap usage; system may be swapping
2025-06-23 17:29:04 - WARNING - METRIC: RAM - VALUE: 285 MB - THRESHOLD: 300.00 MB - MESSAGE: Low free memory; consider closing apps
2025-06-23 17:29:05 - WARNING - METRIC: SWAP - VALUE: 54.98 % - THRESHOLD: 50.00 % - MESSAGE: High swap usage; system may be swapping
